
AVRASM ver. 2.1.30  C:\Users\Byte\Desktop\second_try\Debug\List\1.asm Wed Jul 11 00:53:00 2018

C:\Users\Byte\Desktop\second_try\Debug\List\1.asm(1086): warning: Register r4 already defined by the .DEF directive
C:\Users\Byte\Desktop\second_try\Debug\List\1.asm(1087): warning: Register r5 already defined by the .DEF directive
C:\Users\Byte\Desktop\second_try\Debug\List\1.asm(1088): warning: Register r6 already defined by the .DEF directive
C:\Users\Byte\Desktop\second_try\Debug\List\1.asm(1089): warning: Register r7 already defined by the .DEF directive
C:\Users\Byte\Desktop\second_try\Debug\List\1.asm(1090): warning: Register r8 already defined by the .DEF directive
C:\Users\Byte\Desktop\second_try\Debug\List\1.asm(1091): warning: Register r9 already defined by the .DEF directive
C:\Users\Byte\Desktop\second_try\Debug\List\1.asm(1092): warning: Register r10 already defined by the .DEF directive
C:\Users\Byte\Desktop\second_try\Debug\List\1.asm(1093): warning: Register r11 already defined by the .DEF directive
C:\Users\Byte\Desktop\second_try\Debug\List\1.asm(1094): warning: Register r12 already defined by the .DEF directive
C:\Users\Byte\Desktop\second_try\Debug\List\1.asm(1095): warning: Register r13 already defined by the .DEF directive
                 
                 
                 ;CodeVisionAVR C Compiler V3.12 Advanced
                 ;(C) Copyright 1998-2014 Pavel Haiduc, HP InfoTech s.r.l.
                 ;http://www.hpinfotech.com
                 
                 ;Build configuration    : Debug
                 ;Chip type              : ATmega8A
                 ;Program type           : Application
                 ;Clock frequency        : 8/000000 MHz
                 ;Memory model           : Small
                 ;Optimize for           : Size
                 ;(s)printf features     : int, width
                 ;(s)scanf features      : int, width
                 ;External RAM size      : 0
                 ;Data Stack size        : 256 byte(s)
                 ;Heap size              : 0 byte(s)
                 ;Promote 'char' to 'int': Yes
                 ;'char' is unsigned     : Yes
                 ;8 bit enums            : Yes
                 ;Global 'const' stored in FLASH: Yes
                 ;Enhanced function parameter passing: Yes
                 ;Enhanced core instructions: On
                 ;Automatic register allocation for global variables: On
                 ;Smart register allocation: On
                 
                 	#define _MODEL_SMALL_
                 
                 	#pragma AVRPART ADMIN PART_NAME ATmega8A
                 	#pragma AVRPART MEMORY PROG_FLASH 8192
                 	#pragma AVRPART MEMORY EEPROM 512
                 	#pragma AVRPART MEMORY INT_SRAM SIZE 1024
                 	#pragma AVRPART MEMORY INT_SRAM START_ADDR 0x60
                 
                 	.LISTMAC
                 	.EQU UDRE=0x5
                 	.EQU RXC=0x7
                 	.EQU USR=0xB
                 	.EQU UDR=0xC
                 	.EQU SPSR=0xE
                 	.EQU SPDR=0xF
                 	.EQU EERE=0x0
                 	.EQU EEWE=0x1
                 	.EQU EEMWE=0x2
                 	.EQU EECR=0x1C
                 	.EQU EEDR=0x1D
                 	.EQU EEARL=0x1E
                 	.EQU EEARH=0x1F
                 	.EQU WDTCR=0x21
                 	.EQU MCUCR=0x35
                 	.EQU GICR=0x3B
                 	.EQU SPL=0x3D
                 	.EQU SPH=0x3E
                 	.EQU SREG=0x3F
                 
                 	.DEF R0X0=R0
                 	.DEF R0X1=R1
                 	.DEF R0X2=R2
                 	.DEF R0X3=R3
                 	.DEF R0X4=R4
                 	.DEF R0X5=R5
                 	.DEF R0X6=R6
                 	.DEF R0X7=R7
                 	.DEF R0X8=R8
                 	.DEF R0X9=R9
                 	.DEF R0XA=R10
                 	.DEF R0XB=R11
                 	.DEF R0XC=R12
                 	.DEF R0XD=R13
                 	.DEF R0XE=R14
                 	.DEF R0XF=R15
                 	.DEF R0X10=R16
                 	.DEF R0X11=R17
                 	.DEF R0X12=R18
                 	.DEF R0X13=R19
                 	.DEF R0X14=R20
                 	.DEF R0X15=R21
                 	.DEF R0X16=R22
                 	.DEF R0X17=R23
                 	.DEF R0X18=R24
                 	.DEF R0X19=R25
                 	.DEF R0X1A=R26
                 	.DEF R0X1B=R27
                 	.DEF R0X1C=R28
                 	.DEF R0X1D=R29
                 	.DEF R0X1E=R30
                 	.DEF R0X1F=R31
                 
                 	.EQU __SRAM_START=0x0060
                 	.EQU __SRAM_END=0x045F
                 	.EQU __DSTACK_SIZE=0x0100
                 	.EQU __HEAP_SIZE=0x0000
                 	.EQU __CLEAR_SRAM_SIZE=__SRAM_END-__SRAM_START+1
                 
                 	.MACRO __CPD1N
                 	CPI  R30,LOW(@0)
                 	LDI  R26,HIGH(@0)
                 	CPC  R31,R26
                 	LDI  R26,BYTE3(@0)
                 	CPC  R22,R26
                 	LDI  R26,BYTE4(@0)
                 	CPC  R23,R26
                 	.ENDM
                 
                 	.MACRO __CPD2N
                 	CPI  R26,LOW(@0)
                 	LDI  R30,HIGH(@0)
                 	CPC  R27,R30
                 	LDI  R30,BYTE3(@0)
                 	CPC  R24,R30
                 	LDI  R30,BYTE4(@0)
                 	CPC  R25,R30
                 	.ENDM
                 
                 	.MACRO __CPWRR
                 	CP   R@0,R@2
                 	CPC  R@1,R@3
                 	.ENDM
                 
                 	.MACRO __CPWRN
                 	CPI  R@0,LOW(@2)
                 	LDI  R30,HIGH(@2)
                 	CPC  R@1,R30
                 	.ENDM
                 
                 	.MACRO __ADDB1MN
                 	SUBI R30,LOW(-@0-(@1))
                 	.ENDM
                 
                 	.MACRO __ADDB2MN
                 	SUBI R26,LOW(-@0-(@1))
                 	.ENDM
                 
                 	.MACRO __ADDW1MN
                 	SUBI R30,LOW(-@0-(@1))
                 	SBCI R31,HIGH(-@0-(@1))
                 	.ENDM
                 
                 	.MACRO __ADDW2MN
                 	SUBI R26,LOW(-@0-(@1))
                 	SBCI R27,HIGH(-@0-(@1))
                 	.ENDM
                 
                 	.MACRO __ADDW1FN
                 	SUBI R30,LOW(-2*@0-(@1))
                 	SBCI R31,HIGH(-2*@0-(@1))
                 	.ENDM
                 
                 	.MACRO __ADDD1FN
                 	SUBI R30,LOW(-2*@0-(@1))
                 	SBCI R31,HIGH(-2*@0-(@1))
                 	SBCI R22,BYTE3(-2*@0-(@1))
                 	.ENDM
                 
                 	.MACRO __ADDD1N
                 	SUBI R30,LOW(-@0)
                 	SBCI R31,HIGH(-@0)
                 	SBCI R22,BYTE3(-@0)
                 	SBCI R23,BYTE4(-@0)
                 	.ENDM
                 
                 	.MACRO __ADDD2N
                 	SUBI R26,LOW(-@0)
                 	SBCI R27,HIGH(-@0)
                 	SBCI R24,BYTE3(-@0)
                 	SBCI R25,BYTE4(-@0)
                 	.ENDM
                 
                 	.MACRO __SUBD1N
                 	SUBI R30,LOW(@0)
                 	SBCI R31,HIGH(@0)
                 	SBCI R22,BYTE3(@0)
                 	SBCI R23,BYTE4(@0)
                 	.ENDM
                 
                 	.MACRO __SUBD2N
                 	SUBI R26,LOW(@0)
                 	SBCI R27,HIGH(@0)
                 	SBCI R24,BYTE3(@0)
                 	SBCI R25,BYTE4(@0)
                 	.ENDM
                 
                 	.MACRO __ANDBMNN
                 	LDS  R30,@0+(@1)
                 	ANDI R30,LOW(@2)
                 	STS  @0+(@1),R30
                 	.ENDM
                 
                 	.MACRO __ANDWMNN
                 	LDS  R30,@0+(@1)
                 	ANDI R30,LOW(@2)
                 	STS  @0+(@1),R30
                 	LDS  R30,@0+(@1)+1
                 	ANDI R30,HIGH(@2)
                 	STS  @0+(@1)+1,R30
                 	.ENDM
                 
                 	.MACRO __ANDD1N
                 	ANDI R30,LOW(@0)
                 	ANDI R31,HIGH(@0)
                 	ANDI R22,BYTE3(@0)
                 	ANDI R23,BYTE4(@0)
                 	.ENDM
                 
                 	.MACRO __ANDD2N
                 	ANDI R26,LOW(@0)
                 	ANDI R27,HIGH(@0)
                 	ANDI R24,BYTE3(@0)
                 	ANDI R25,BYTE4(@0)
                 	.ENDM
                 
                 	.MACRO __ORBMNN
                 	LDS  R30,@0+(@1)
                 	ORI  R30,LOW(@2)
                 	STS  @0+(@1),R30
                 	.ENDM
                 
                 	.MACRO __ORWMNN
                 	LDS  R30,@0+(@1)
                 	ORI  R30,LOW(@2)
                 	STS  @0+(@1),R30
                 	LDS  R30,@0+(@1)+1
                 	ORI  R30,HIGH(@2)
                 	STS  @0+(@1)+1,R30
                 	.ENDM
                 
                 	.MACRO __ORD1N
                 	ORI  R30,LOW(@0)
                 	ORI  R31,HIGH(@0)
                 	ORI  R22,BYTE3(@0)
                 	ORI  R23,BYTE4(@0)
                 	.ENDM
                 
                 	.MACRO __ORD2N
                 	ORI  R26,LOW(@0)
                 	ORI  R27,HIGH(@0)
                 	ORI  R24,BYTE3(@0)
                 	ORI  R25,BYTE4(@0)
                 	.ENDM
                 
                 	.MACRO __DELAY_USB
                 	LDI  R24,LOW(@0)
                 __DELAY_USB_LOOP:
                 	DEC  R24
                 	BRNE __DELAY_USB_LOOP
                 	.ENDM
                 
                 	.MACRO __DELAY_USW
                 	LDI  R24,LOW(@0)
                 	LDI  R25,HIGH(@0)
                 __DELAY_USW_LOOP:
                 	SBIW R24,1
                 	BRNE __DELAY_USW_LOOP
                 	.ENDM
                 
                 	.MACRO __GETD1S
                 	LDD  R30,Y+@0
                 	LDD  R31,Y+@0+1
                 	LDD  R22,Y+@0+2
                 	LDD  R23,Y+@0+3
                 	.ENDM
                 
                 	.MACRO __GETD2S
                 	LDD  R26,Y+@0
                 	LDD  R27,Y+@0+1
                 	LDD  R24,Y+@0+2
                 	LDD  R25,Y+@0+3
                 	.ENDM
                 
                 	.MACRO __PUTD1S
                 	STD  Y+@0,R30
                 	STD  Y+@0+1,R31
                 	STD  Y+@0+2,R22
                 	STD  Y+@0+3,R23
                 	.ENDM
                 
                 	.MACRO __PUTD2S
                 	STD  Y+@0,R26
                 	STD  Y+@0+1,R27
                 	STD  Y+@0+2,R24
                 	STD  Y+@0+3,R25
                 	.ENDM
                 
                 	.MACRO __PUTDZ2
                 	STD  Z+@0,R26
                 	STD  Z+@0+1,R27
                 	STD  Z+@0+2,R24
                 	STD  Z+@0+3,R25
                 	.ENDM
                 
                 	.MACRO __CLRD1S
                 	STD  Y+@0,R30
                 	STD  Y+@0+1,R30
                 	STD  Y+@0+2,R30
                 	STD  Y+@0+3,R30
                 	.ENDM
                 
                 	.MACRO __POINTB1MN
                 	LDI  R30,LOW(@0+(@1))
                 	.ENDM
                 
                 	.MACRO __POINTW1MN
                 	LDI  R30,LOW(@0+(@1))
                 	LDI  R31,HIGH(@0+(@1))
                 	.ENDM
                 
                 	.MACRO __POINTD1M
                 	LDI  R30,LOW(@0)
                 	LDI  R31,HIGH(@0)
                 	LDI  R22,BYTE3(@0)
                 	LDI  R23,BYTE4(@0)
                 	.ENDM
                 
                 	.MACRO __POINTW1FN
                 	LDI  R30,LOW(2*@0+(@1))
                 	LDI  R31,HIGH(2*@0+(@1))
                 	.ENDM
                 
                 	.MACRO __POINTD1FN
                 	LDI  R30,LOW(2*@0+(@1))
                 	LDI  R31,HIGH(2*@0+(@1))
                 	LDI  R22,BYTE3(2*@0+(@1))
                 	LDI  R23,BYTE4(2*@0+(@1))
                 	.ENDM
                 
                 	.MACRO __POINTB2MN
                 	LDI  R26,LOW(@0+(@1))
                 	.ENDM
                 
                 	.MACRO __POINTW2MN
                 	LDI  R26,LOW(@0+(@1))
                 	LDI  R27,HIGH(@0+(@1))
                 	.ENDM
                 
                 	.MACRO __POINTW2FN
                 	LDI  R26,LOW(2*@0+(@1))
                 	LDI  R27,HIGH(2*@0+(@1))
                 	.ENDM
                 
                 	.MACRO __POINTD2FN
                 	LDI  R26,LOW(2*@0+(@1))
                 	LDI  R27,HIGH(2*@0+(@1))
                 	LDI  R24,BYTE3(2*@0+(@1))
                 	LDI  R25,BYTE4(2*@0+(@1))
                 	.ENDM
                 
                 	.MACRO __POINTBRM
                 	LDI  R@0,LOW(@1)
                 	.ENDM
                 
                 	.MACRO __POINTWRM
                 	LDI  R@0,LOW(@2)
                 	LDI  R@1,HIGH(@2)
                 	.ENDM
                 
                 	.MACRO __POINTBRMN
                 	LDI  R@0,LOW(@1+(@2))
                 	.ENDM
                 
                 	.MACRO __POINTWRMN
                 	LDI  R@0,LOW(@2+(@3))
                 	LDI  R@1,HIGH(@2+(@3))
                 	.ENDM
                 
                 	.MACRO __POINTWRFN
                 	LDI  R@0,LOW(@2*2+(@3))
                 	LDI  R@1,HIGH(@2*2+(@3))
                 	.ENDM
                 
                 	.MACRO __GETD1N
                 	LDI  R30,LOW(@0)
                 	LDI  R31,HIGH(@0)
                 	LDI  R22,BYTE3(@0)
                 	LDI  R23,BYTE4(@0)
                 	.ENDM
                 
                 	.MACRO __GETD2N
                 	LDI  R26,LOW(@0)
                 	LDI  R27,HIGH(@0)
                 	LDI  R24,BYTE3(@0)
                 	LDI  R25,BYTE4(@0)
                 	.ENDM
                 
                 	.MACRO __GETB1MN
                 	LDS  R30,@0+(@1)
                 	.ENDM
                 
                 	.MACRO __GETB1HMN
                 	LDS  R31,@0+(@1)
                 	.ENDM
                 
                 	.MACRO __GETW1MN
                 	LDS  R30,@0+(@1)
                 	LDS  R31,@0+(@1)+1
                 	.ENDM
                 
                 	.MACRO __GETD1MN
                 	LDS  R30,@0+(@1)
                 	LDS  R31,@0+(@1)+1
                 	LDS  R22,@0+(@1)+2
                 	LDS  R23,@0+(@1)+3
                 	.ENDM
                 
                 	.MACRO __GETBRMN
                 	LDS  R@0,@1+(@2)
                 	.ENDM
                 
                 	.MACRO __GETWRMN
                 	LDS  R@0,@2+(@3)
                 	LDS  R@1,@2+(@3)+1
                 	.ENDM
                 
                 	.MACRO __GETWRZ
                 	LDD  R@0,Z+@2
                 	LDD  R@1,Z+@2+1
                 	.ENDM
                 
                 	.MACRO __GETD2Z
                 	LDD  R26,Z+@0
                 	LDD  R27,Z+@0+1
                 	LDD  R24,Z+@0+2
                 	LDD  R25,Z+@0+3
                 	.ENDM
                 
                 	.MACRO __GETB2MN
                 	LDS  R26,@0+(@1)
                 	.ENDM
                 
                 	.MACRO __GETW2MN
                 	LDS  R26,@0+(@1)
                 	LDS  R27,@0+(@1)+1
                 	.ENDM
                 
                 	.MACRO __GETD2MN
                 	LDS  R26,@0+(@1)
                 	LDS  R27,@0+(@1)+1
                 	LDS  R24,@0+(@1)+2
                 	LDS  R25,@0+(@1)+3
                 	.ENDM
                 
                 	.MACRO __PUTB1MN
                 	STS  @0+(@1),R30
                 	.ENDM
                 
                 	.MACRO __PUTW1MN
                 	STS  @0+(@1),R30
                 	STS  @0+(@1)+1,R31
                 	.ENDM
                 
                 	.MACRO __PUTD1MN
                 	STS  @0+(@1),R30
                 	STS  @0+(@1)+1,R31
                 	STS  @0+(@1)+2,R22
                 	STS  @0+(@1)+3,R23
                 	.ENDM
                 
                 	.MACRO __PUTB1EN
                 	LDI  R26,LOW(@0+(@1))
                 	LDI  R27,HIGH(@0+(@1))
                 	RCALL __EEPROMWRB
                 	.ENDM
                 
                 	.MACRO __PUTW1EN
                 	LDI  R26,LOW(@0+(@1))
                 	LDI  R27,HIGH(@0+(@1))
                 	RCALL __EEPROMWRW
                 	.ENDM
                 
                 	.MACRO __PUTD1EN
                 	LDI  R26,LOW(@0+(@1))
                 	LDI  R27,HIGH(@0+(@1))
                 	RCALL __EEPROMWRD
                 	.ENDM
                 
                 	.MACRO __PUTBR0MN
                 	STS  @0+(@1),R0
                 	.ENDM
                 
                 	.MACRO __PUTBMRN
                 	STS  @0+(@1),R@2
                 	.ENDM
                 
                 	.MACRO __PUTWMRN
                 	STS  @0+(@1),R@2
                 	STS  @0+(@1)+1,R@3
                 	.ENDM
                 
                 	.MACRO __PUTBZR
                 	STD  Z+@1,R@0
                 	.ENDM
                 
                 	.MACRO __PUTWZR
                 	STD  Z+@2,R@0
                 	STD  Z+@2+1,R@1
                 	.ENDM
                 
                 	.MACRO __GETW1R
                 	MOV  R30,R@0
                 	MOV  R31,R@1
                 	.ENDM
                 
                 	.MACRO __GETW2R
                 	MOV  R26,R@0
                 	MOV  R27,R@1
                 	.ENDM
                 
                 	.MACRO __GETWRN
                 	LDI  R@0,LOW(@2)
                 	LDI  R@1,HIGH(@2)
                 	.ENDM
                 
                 	.MACRO __PUTW1R
                 	MOV  R@0,R30
                 	MOV  R@1,R31
                 	.ENDM
                 
                 	.MACRO __PUTW2R
                 	MOV  R@0,R26
                 	MOV  R@1,R27
                 	.ENDM
                 
                 	.MACRO __ADDWRN
                 	SUBI R@0,LOW(-@2)
                 	SBCI R@1,HIGH(-@2)
                 	.ENDM
                 
                 	.MACRO __ADDWRR
                 	ADD  R@0,R@2
                 	ADC  R@1,R@3
                 	.ENDM
                 
                 	.MACRO __SUBWRN
                 	SUBI R@0,LOW(@2)
                 	SBCI R@1,HIGH(@2)
                 	.ENDM
                 
                 	.MACRO __SUBWRR
                 	SUB  R@0,R@2
                 	SBC  R@1,R@3
                 	.ENDM
                 
                 	.MACRO __ANDWRN
                 	ANDI R@0,LOW(@2)
                 	ANDI R@1,HIGH(@2)
                 	.ENDM
                 
                 	.MACRO __ANDWRR
                 	AND  R@0,R@2
                 	AND  R@1,R@3
                 	.ENDM
                 
                 	.MACRO __ORWRN
                 	ORI  R@0,LOW(@2)
                 	ORI  R@1,HIGH(@2)
                 	.ENDM
                 
                 	.MACRO __ORWRR
                 	OR   R@0,R@2
                 	OR   R@1,R@3
                 	.ENDM
                 
                 	.MACRO __EORWRR
                 	EOR  R@0,R@2
                 	EOR  R@1,R@3
                 	.ENDM
                 
                 	.MACRO __GETWRS
                 	LDD  R@0,Y+@2
                 	LDD  R@1,Y+@2+1
                 	.ENDM
                 
                 	.MACRO __PUTBSR
                 	STD  Y+@1,R@0
                 	.ENDM
                 
                 	.MACRO __PUTWSR
                 	STD  Y+@2,R@0
                 	STD  Y+@2+1,R@1
                 	.ENDM
                 
                 	.MACRO __MOVEWRR
                 	MOV  R@0,R@2
                 	MOV  R@1,R@3
                 	.ENDM
                 
                 	.MACRO __INWR
                 	IN   R@0,@2
                 	IN   R@1,@2+1
                 	.ENDM
                 
                 	.MACRO __OUTWR
                 	OUT  @2+1,R@1
                 	OUT  @2,R@0
                 	.ENDM
                 
                 	.MACRO __CALL1MN
                 	LDS  R30,@0+(@1)
                 	LDS  R31,@0+(@1)+1
                 	ICALL
                 	.ENDM
                 
                 	.MACRO __CALL1FN
                 	LDI  R30,LOW(2*@0+(@1))
                 	LDI  R31,HIGH(2*@0+(@1))
                 	RCALL __GETW1PF
                 	ICALL
                 	.ENDM
                 
                 	.MACRO __CALL2EN
                 	PUSH R26
                 	PUSH R27
                 	LDI  R26,LOW(@0+(@1))
                 	LDI  R27,HIGH(@0+(@1))
                 	RCALL __EEPROMRDW
                 	POP  R27
                 	POP  R26
                 	ICALL
                 	.ENDM
                 
                 	.MACRO __CALL2EX
                 	SUBI R26,LOW(-@0)
                 	SBCI R27,HIGH(-@0)
                 	RCALL __EEPROMRDD
                 	ICALL
                 	.ENDM
                 
                 	.MACRO __GETW1STACK
                 	IN   R30,SPL
                 	IN   R31,SPH
                 	ADIW R30,@0+1
                 	LD   R0,Z+
                 	LD   R31,Z
                 	MOV  R30,R0
                 	.ENDM
                 
                 	.MACRO __GETD1STACK
                 	IN   R30,SPL
                 	IN   R31,SPH
                 	ADIW R30,@0+1
                 	LD   R0,Z+
                 	LD   R1,Z+
                 	LD   R22,Z
                 	MOVW R30,R0
                 	.ENDM
                 
                 	.MACRO __NBST
                 	BST  R@0,@1
                 	IN   R30,SREG
                 	LDI  R31,0x40
                 	EOR  R30,R31
                 	OUT  SREG,R30
                 	.ENDM
                 
                 
                 	.MACRO __PUTB1SN
                 	LDD  R26,Y+@0
                 	LDD  R27,Y+@0+1
                 	SUBI R26,LOW(-@1)
                 	SBCI R27,HIGH(-@1)
                 	ST   X,R30
                 	.ENDM
                 
                 	.MACRO __PUTW1SN
                 	LDD  R26,Y+@0
                 	LDD  R27,Y+@0+1
                 	SUBI R26,LOW(-@1)
                 	SBCI R27,HIGH(-@1)
                 	ST   X+,R30
                 	ST   X,R31
                 	.ENDM
                 
                 	.MACRO __PUTD1SN
                 	LDD  R26,Y+@0
                 	LDD  R27,Y+@0+1
                 	SUBI R26,LOW(-@1)
                 	SBCI R27,HIGH(-@1)
                 	RCALL __PUTDP1
                 	.ENDM
                 
                 	.MACRO __PUTB1SNS
                 	LDD  R26,Y+@0
                 	LDD  R27,Y+@0+1
                 	ADIW R26,@1
                 	ST   X,R30
                 	.ENDM
                 
                 	.MACRO __PUTW1SNS
                 	LDD  R26,Y+@0
                 	LDD  R27,Y+@0+1
                 	ADIW R26,@1
                 	ST   X+,R30
                 	ST   X,R31
                 	.ENDM
                 
                 	.MACRO __PUTD1SNS
                 	LDD  R26,Y+@0
                 	LDD  R27,Y+@0+1
                 	ADIW R26,@1
                 	RCALL __PUTDP1
                 	.ENDM
                 
                 	.MACRO __PUTB1PMN
                 	LDS  R26,@0
                 	LDS  R27,@0+1
                 	SUBI R26,LOW(-@1)
                 	SBCI R27,HIGH(-@1)
                 	ST   X,R30
                 	.ENDM
                 
                 	.MACRO __PUTW1PMN
                 	LDS  R26,@0
                 	LDS  R27,@0+1
                 	SUBI R26,LOW(-@1)
                 	SBCI R27,HIGH(-@1)
                 	ST   X+,R30
                 	ST   X,R31
                 	.ENDM
                 
                 	.MACRO __PUTD1PMN
                 	LDS  R26,@0
                 	LDS  R27,@0+1
                 	SUBI R26,LOW(-@1)
                 	SBCI R27,HIGH(-@1)
                 	RCALL __PUTDP1
                 	.ENDM
                 
                 	.MACRO __PUTB1PMNS
                 	LDS  R26,@0
                 	LDS  R27,@0+1
                 	ADIW R26,@1
                 	ST   X,R30
                 	.ENDM
                 
                 	.MACRO __PUTW1PMNS
                 	LDS  R26,@0
                 	LDS  R27,@0+1
                 	ADIW R26,@1
                 	ST   X+,R30
                 	ST   X,R31
                 	.ENDM
                 
                 	.MACRO __PUTD1PMNS
                 	LDS  R26,@0
                 	LDS  R27,@0+1
                 	ADIW R26,@1
                 	RCALL __PUTDP1
                 	.ENDM
                 
                 	.MACRO __PUTB1RN
                 	MOVW R26,R@0
                 	SUBI R26,LOW(-@1)
                 	SBCI R27,HIGH(-@1)
                 	ST   X,R30
                 	.ENDM
                 
                 	.MACRO __PUTW1RN
                 	MOVW R26,R@0
                 	SUBI R26,LOW(-@1)
                 	SBCI R27,HIGH(-@1)
                 	ST   X+,R30
                 	ST   X,R31
                 	.ENDM
                 
                 	.MACRO __PUTD1RN
                 	MOVW R26,R@0
                 	SUBI R26,LOW(-@1)
                 	SBCI R27,HIGH(-@1)
                 	RCALL __PUTDP1
                 	.ENDM
                 
                 	.MACRO __PUTB1RNS
                 	MOVW R26,R@0
                 	ADIW R26,@1
                 	ST   X,R30
                 	.ENDM
                 
                 	.MACRO __PUTW1RNS
                 	MOVW R26,R@0
                 	ADIW R26,@1
                 	ST   X+,R30
                 	ST   X,R31
                 	.ENDM
                 
                 	.MACRO __PUTD1RNS
                 	MOVW R26,R@0
                 	ADIW R26,@1
                 	RCALL __PUTDP1
                 	.ENDM
                 
                 	.MACRO __PUTB1RON
                 	MOV  R26,R@0
                 	MOV  R27,R@1
                 	SUBI R26,LOW(-@2)
                 	SBCI R27,HIGH(-@2)
                 	ST   X,R30
                 	.ENDM
                 
                 	.MACRO __PUTW1RON
                 	MOV  R26,R@0
                 	MOV  R27,R@1
                 	SUBI R26,LOW(-@2)
                 	SBCI R27,HIGH(-@2)
                 	ST   X+,R30
                 	ST   X,R31
                 	.ENDM
                 
                 	.MACRO __PUTD1RON
                 	MOV  R26,R@0
                 	MOV  R27,R@1
                 	SUBI R26,LOW(-@2)
                 	SBCI R27,HIGH(-@2)
                 	RCALL __PUTDP1
                 	.ENDM
                 
                 	.MACRO __PUTB1RONS
                 	MOV  R26,R@0
                 	MOV  R27,R@1
                 	ADIW R26,@2
                 	ST   X,R30
                 	.ENDM
                 
                 	.MACRO __PUTW1RONS
                 	MOV  R26,R@0
                 	MOV  R27,R@1
                 	ADIW R26,@2
                 	ST   X+,R30
                 	ST   X,R31
                 	.ENDM
                 
                 	.MACRO __PUTD1RONS
                 	MOV  R26,R@0
                 	MOV  R27,R@1
                 	ADIW R26,@2
                 	RCALL __PUTDP1
                 	.ENDM
                 
                 
                 	.MACRO __GETB1SX
                 	MOVW R30,R28
                 	SUBI R30,LOW(-@0)
                 	SBCI R31,HIGH(-@0)
                 	LD   R30,Z
                 	.ENDM
                 
                 	.MACRO __GETB1HSX
                 	MOVW R30,R28
                 	SUBI R30,LOW(-@0)
                 	SBCI R31,HIGH(-@0)
                 	LD   R31,Z
                 	.ENDM
                 
                 	.MACRO __GETW1SX
                 	MOVW R30,R28
                 	SUBI R30,LOW(-@0)
                 	SBCI R31,HIGH(-@0)
                 	LD   R0,Z+
                 	LD   R31,Z
                 	MOV  R30,R0
                 	.ENDM
                 
                 	.MACRO __GETD1SX
                 	MOVW R30,R28
                 	SUBI R30,LOW(-@0)
                 	SBCI R31,HIGH(-@0)
                 	LD   R0,Z+
                 	LD   R1,Z+
                 	LD   R22,Z+
                 	LD   R23,Z
                 	MOVW R30,R0
                 	.ENDM
                 
                 	.MACRO __GETB2SX
                 	MOVW R26,R28
                 	SUBI R26,LOW(-@0)
                 	SBCI R27,HIGH(-@0)
                 	LD   R26,X
                 	.ENDM
                 
                 	.MACRO __GETW2SX
                 	MOVW R26,R28
                 	SUBI R26,LOW(-@0)
                 	SBCI R27,HIGH(-@0)
                 	LD   R0,X+
                 	LD   R27,X
                 	MOV  R26,R0
                 	.ENDM
                 
                 	.MACRO __GETD2SX
                 	MOVW R26,R28
                 	SUBI R26,LOW(-@0)
                 	SBCI R27,HIGH(-@0)
                 	LD   R0,X+
                 	LD   R1,X+
                 	LD   R24,X+
                 	LD   R25,X
                 	MOVW R26,R0
                 	.ENDM
                 
                 	.MACRO __GETBRSX
                 	MOVW R30,R28
                 	SUBI R30,LOW(-@1)
                 	SBCI R31,HIGH(-@1)
                 	LD   R@0,Z
                 	.ENDM
                 
                 	.MACRO __GETWRSX
                 	MOVW R30,R28
                 	SUBI R30,LOW(-@2)
                 	SBCI R31,HIGH(-@2)
                 	LD   R@0,Z+
                 	LD   R@1,Z
                 	.ENDM
                 
                 	.MACRO __GETBRSX2
                 	MOVW R26,R28
                 	SUBI R26,LOW(-@1)
                 	SBCI R27,HIGH(-@1)
                 	LD   R@0,X
                 	.ENDM
                 
                 	.MACRO __GETWRSX2
                 	MOVW R26,R28
                 	SUBI R26,LOW(-@2)
                 	SBCI R27,HIGH(-@2)
                 	LD   R@0,X+
                 	LD   R@1,X
                 	.ENDM
                 
                 	.MACRO __LSLW8SX
                 	MOVW R30,R28
                 	SUBI R30,LOW(-@0)
                 	SBCI R31,HIGH(-@0)
                 	LD   R31,Z
                 	CLR  R30
                 	.ENDM
                 
                 	.MACRO __PUTB1SX
                 	MOVW R26,R28
                 	SUBI R26,LOW(-@0)
                 	SBCI R27,HIGH(-@0)
                 	ST   X,R30
                 	.ENDM
                 
                 	.MACRO __PUTW1SX
                 	MOVW R26,R28
                 	SUBI R26,LOW(-@0)
                 	SBCI R27,HIGH(-@0)
                 	ST   X+,R30
                 	ST   X,R31
                 	.ENDM
                 
                 	.MACRO __PUTD1SX
                 	MOVW R26,R28
                 	SUBI R26,LOW(-@0)
                 	SBCI R27,HIGH(-@0)
                 	ST   X+,R30
                 	ST   X+,R31
                 	ST   X+,R22
                 	ST   X,R23
                 	.ENDM
                 
                 	.MACRO __CLRW1SX
                 	MOVW R26,R28
                 	SUBI R26,LOW(-@0)
                 	SBCI R27,HIGH(-@0)
                 	ST   X+,R30
                 	ST   X,R30
                 	.ENDM
                 
                 	.MACRO __CLRD1SX
                 	MOVW R26,R28
                 	SUBI R26,LOW(-@0)
                 	SBCI R27,HIGH(-@0)
                 	ST   X+,R30
                 	ST   X+,R30
                 	ST   X+,R30
                 	ST   X,R30
                 	.ENDM
                 
                 	.MACRO __PUTB2SX
                 	MOVW R30,R28
                 	SUBI R30,LOW(-@0)
                 	SBCI R31,HIGH(-@0)
                 	ST   Z,R26
                 	.ENDM
                 
                 	.MACRO __PUTW2SX
                 	MOVW R30,R28
                 	SUBI R30,LOW(-@0)
                 	SBCI R31,HIGH(-@0)
                 	ST   Z+,R26
                 	ST   Z,R27
                 	.ENDM
                 
                 	.MACRO __PUTD2SX
                 	MOVW R30,R28
                 	SUBI R30,LOW(-@0)
                 	SBCI R31,HIGH(-@0)
                 	ST   Z+,R26
                 	ST   Z+,R27
                 	ST   Z+,R24
                 	ST   Z,R25
                 	.ENDM
                 
                 	.MACRO __PUTBSRX
                 	MOVW R30,R28
                 	SUBI R30,LOW(-@1)
                 	SBCI R31,HIGH(-@1)
                 	ST   Z,R@0
                 	.ENDM
                 
                 	.MACRO __PUTWSRX
                 	MOVW R30,R28
                 	SUBI R30,LOW(-@2)
                 	SBCI R31,HIGH(-@2)
                 	ST   Z+,R@0
                 	ST   Z,R@1
                 	.ENDM
                 
                 	.MACRO __PUTB1SNX
                 	MOVW R26,R28
                 	SUBI R26,LOW(-@0)
                 	SBCI R27,HIGH(-@0)
                 	LD   R0,X+
                 	LD   R27,X
                 	MOV  R26,R0
                 	SUBI R26,LOW(-@1)
                 	SBCI R27,HIGH(-@1)
                 	ST   X,R30
                 	.ENDM
                 
                 	.MACRO __PUTW1SNX
                 	MOVW R26,R28
                 	SUBI R26,LOW(-@0)
                 	SBCI R27,HIGH(-@0)
                 	LD   R0,X+
                 	LD   R27,X
                 	MOV  R26,R0
                 	SUBI R26,LOW(-@1)
                 	SBCI R27,HIGH(-@1)
                 	ST   X+,R30
                 	ST   X,R31
                 	.ENDM
                 
                 	.MACRO __PUTD1SNX
                 	MOVW R26,R28
                 	SUBI R26,LOW(-@0)
                 	SBCI R27,HIGH(-@0)
                 	LD   R0,X+
                 	LD   R27,X
                 	MOV  R26,R0
                 	SUBI R26,LOW(-@1)
                 	SBCI R27,HIGH(-@1)
                 	ST   X+,R30
                 	ST   X+,R31
                 	ST   X+,R22
                 	ST   X,R23
                 	.ENDM
                 
                 	.MACRO __MULBRR
                 	MULS R@0,R@1
                 	MOVW R30,R0
                 	.ENDM
                 
                 	.MACRO __MULBRRU
                 	MUL  R@0,R@1
                 	MOVW R30,R0
                 	.ENDM
                 
                 	.MACRO __MULBRR0
                 	MULS R@0,R@1
                 	.ENDM
                 
                 	.MACRO __MULBRRU0
                 	MUL  R@0,R@1
                 	.ENDM
                 
                 	.MACRO __MULBNWRU
                 	LDI  R26,@2
                 	MUL  R26,R@0
                 	MOVW R30,R0
                 	MUL  R26,R@1
                 	ADD  R31,R0
                 	.ENDM
                 
                 ;NAME DEFINITIONS FOR GLOBAL VARIABLES ALLOCATED TO REGISTERS
                 	.DEF _sensor1=R4
                 	.DEF _sensor1_msb=R5
                 	.DEF _sensor2=R6
                 	.DEF _sensor2_msb=R7
                 	.DEF _sensor3=R8
                 	.DEF _sensor3_msb=R9
                 	.DEF _sensor4=R10
                 	.DEF _sensor4_msb=R11
                 	.DEF _sensor5=R12
                 	.DEF _sensor5_msb=R13
                 
                 	.CSEG
                 	.ORG 0x00
                 
                 ;START OF CODE MARKER
                 __START_OF_CODE:
                 
                 ;INTERRUPT VECTORS
000000 c01b      	RJMP __RESET
000001 cffe      	RJMP 0x00
000002 cffd      	RJMP 0x00
000003 cffc      	RJMP 0x00
000004 cffb      	RJMP 0x00
000005 cffa      	RJMP 0x00
000006 cff9      	RJMP 0x00
000007 cff8      	RJMP 0x00
000008 cff7      	RJMP 0x00
000009 cff6      	RJMP 0x00
00000a cff5      	RJMP 0x00
00000b cff4      	RJMP 0x00
00000c cff3      	RJMP 0x00
00000d cff2      	RJMP 0x00
00000e cff1      	RJMP 0x00
00000f cff0      	RJMP 0x00
000010 cfef      	RJMP 0x00
000011 cfee      	RJMP 0x00
000012 cfed      	RJMP 0x00
                 
                 _tbl10_G100:
000013 2710
000014 03e8
000015 0064
000016 000a      	.DB  0x10,0x27,0xE8,0x3,0x64,0x0,0xA,0x0
000017 0001      	.DB  0x1,0x0
                 _tbl16_G100:
000018 1000
000019 0100
00001a 0010
00001b 0001      	.DB  0x0,0x10,0x0,0x1,0x10,0x0,0x1,0x0
                 
                 __RESET:
00001c 94f8      	CLI
00001d 27ee      	CLR  R30
00001e bbec      	OUT  EECR,R30
                 
                 ;INTERRUPT VECTORS ARE PLACED
                 ;AT THE START OF FLASH
00001f e0f1      	LDI  R31,1
000020 bffb      	OUT  GICR,R31
000021 bfeb      	OUT  GICR,R30
000022 bfe5      	OUT  MCUCR,R30
                 
                 ;CLEAR R2-R14
000023 e08d      	LDI  R24,(14-2)+1
000024 e0a2      	LDI  R26,2
000025 27bb      	CLR  R27
                 __CLEAR_REG:
000026 93ed      	ST   X+,R30
000027 958a      	DEC  R24
000028 f7e9      	BRNE __CLEAR_REG
                 
                 ;CLEAR SRAM
000029 e080      	LDI  R24,LOW(__CLEAR_SRAM_SIZE)
00002a e094      	LDI  R25,HIGH(__CLEAR_SRAM_SIZE)
00002b e6a0      	LDI  R26,__SRAM_START
                 __CLEAR_SRAM:
00002c 93ed      	ST   X+,R30
00002d 9701      	SBIW R24,1
00002e f7e9      	BRNE __CLEAR_SRAM
                 
                 ;HARDWARE STACK POINTER INITIALIZATION
00002f e5ef      	LDI  R30,LOW(__SRAM_END-__HEAP_SIZE)
000030 bfed      	OUT  SPL,R30
000031 e0e4      	LDI  R30,HIGH(__SRAM_END-__HEAP_SIZE)
000032 bfee      	OUT  SPH,R30
                 
                 ;DATA STACK POINTER INITIALIZATION
000033 e6c0      	LDI  R28,LOW(__SRAM_START+__DSTACK_SIZE)
000034 e0d1      	LDI  R29,HIGH(__SRAM_START+__DSTACK_SIZE)
                 
000035 c00e      	RJMP _main
                 
                 	.ESEG
                 	.ORG 0
                 
                 	.DSEG
                 	.ORG 0x160
                 
                 	.CSEG
                 ;/*******************************************************
                 ;This program was created by the
                 ;CodeWizardAVR V3.12 Advanced
                 ;Automatic Program Generator
                 ;© Copyright 1998-2014 Pavel Haiduc, HP InfoTech s.r.l.
                 ;http://www.hpinfotech.com
                 ;
                 ;Project :
                 ;Version :
                 ;Date    : 9/6/2017
                 ;Author  :
                 ;Company :
                 ;Comments:
                 ;
                 ;
                 ;Chip type               : ATmega8A
                 ;Program type            : Application
                 ;AVR Core Clock frequency: 8.000000 MHz
                 ;Memory model            : Small
                 ;External RAM size       : 0
                 ;Data Stack size         : 256
                 ;*******************************************************/
                 ;
                 ;#include <mega8.h>
                 	#ifndef __SLEEP_DEFINED__
                 	#define __SLEEP_DEFINED__
                 	.EQU __se_bit=0x80
                 	.EQU __sm_mask=0x70
                 	.EQU __sm_powerdown=0x20
                 	.EQU __sm_powersave=0x30
                 	.EQU __sm_standby=0x60
                 	.EQU __sm_ext_standby=0x70
                 	.EQU __sm_adc_noise_red=0x10
                 	.SET power_ctrl_reg=mcucr
                 	#endif
                 ;#include <stdio.h>
                 ;#include <delay.h>
                 ;
                 ;// Alphanumeric LCD functions
                 ;//#include <alcd.h>
                 ;
                 ;// Declare your global variables here
                 ;unsigned int sensor1; //„ €Ì— Â«Ì ”‰”Ê— Â«Ì ‰Ê—
                 ;unsigned int sensor2;
                 ;unsigned int sensor3;
                 ;unsigned int sensor4;
                 ;unsigned int sensor5;
                 ;unsigned int sensor6;
                 ;
                 ;//char display_buffer[40]; //»«›—  «· ”Ì œÌ
                 ;unsigned int ocr1,ocr2; // ⁄œœ ‰‘«‰ œÂ‰œÂ „ÊÃ „Ê Ê—
                 ;
                 ;// Voltage Reference: AREF pin
                 ;#define ADC_VREF_TYPE ((0<<REFS1) | (0<<REFS0) | (1<<ADLAR))
                 ;
                 ;// Read the 8 most significant bits
                 ;// of the AD conversion result
                 ;unsigned char read_adc(unsigned char adc_input)
                 ; 0000 0030 {
                 
                 	.CSEG
                 _read_adc:
                 ; .FSTART _read_adc
                 ; 0000 0031 ADMUX=adc_input | ADC_VREF_TYPE;
000036 93aa      	ST   -Y,R26
                 ;	adc_input -> Y+0
000037 81e8      	LD   R30,Y
000038 62e0      	ORI  R30,0x20
000039 b9e7      	OUT  0x7,R30
                 ; 0000 0032 // Delay needed for the stabilization of the ADC input voltage
                 ; 0000 0033 delay_us(10);
                +
00003a e18b     +LDI R24 , LOW ( 27 )
                +__DELAY_USB_LOOP :
00003b 958a     +DEC R24
00003c f7f1     +BRNE __DELAY_USB_LOOP
                 	__DELAY_USB 27
                 ; 0000 0034 // Start the AD conversion
                 ; 0000 0035 ADCSRA|=(1<<ADSC);
00003d 9a36      	SBI  0x6,6
                 ; 0000 0036 // Wait for the AD conversion to complete
                 ; 0000 0037 while ((ADCSRA & (1<<ADIF))==0);
                 _0x3:
00003e 9b34      	SBIS 0x6,4
00003f cffe      	RJMP _0x3
                 ; 0000 0038 ADCSRA|=(1<<ADIF);
000040 9a34      	SBI  0x6,4
                 ; 0000 0039 return ADCH;
000041 b1e5      	IN   R30,0x5
000042 9621      	ADIW R28,1
000043 9508      	RET
                 ; 0000 003A }
                 ; .FEND
                 ;
                 ;void main(void)
                 ; 0000 003D {
                 _main:
                 ; .FSTART _main
                 ; 0000 003E // Declare your local variables here
                 ; 0000 003F 
                 ; 0000 0040 // Input/Output Ports initialization
                 ; 0000 0041 // Port B initialization
                 ; 0000 0042 // Function: Bit7=In Bit6=In Bit5=In Bit4=In Bit3=In Bit2=In Bit1=In Bit0=In
                 ; 0000 0043 DDRB=(0<<DDB7) | (0<<DDB6) | (0<<DDB5) | (0<<DDB4) | (0<<DDB3) | (1<<DDB2) | (1<<DDB1) | (0<<DDB0);
000044 e0e6      	LDI  R30,LOW(6)
000045 bbe7      	OUT  0x17,R30
                 ; 0000 0044 // State: Bit7=T Bit6=T Bit5=T Bit4=T Bit3=T Bit2=T Bit1=T Bit0=T
                 ; 0000 0045 PORTB=(0<<PORTB7) | (0<<PORTB6) | (0<<PORTB5) | (0<<PORTB4) | (0<<PORTB3) | (0<<PORTB2) | (0<<PORTB1) | (0<<PORTB0);
000046 e0e0      	LDI  R30,LOW(0)
000047 bbe8      	OUT  0x18,R30
                 ; 0000 0046 
                 ; 0000 0047 // Port C initialization
                 ; 0000 0048 // Function: Bit6=In Bit5=In Bit4=In Bit3=In Bit2=In Bit1=In Bit0=In
                 ; 0000 0049 DDRC=(0<<DDC6) | (0<<DDC5) | (0<<DDC4) | (0<<DDC3) | (0<<DDC2) | (0<<DDC1) | (0<<DDC0);
000048 bbe4      	OUT  0x14,R30
                 ; 0000 004A // State: Bit6=T Bit5=T Bit4=T Bit3=T Bit2=T Bit1=T Bit0=T
                 ; 0000 004B PORTC=(0<<PORTC6) | (0<<PORTC5) | (0<<PORTC4) | (0<<PORTC3) | (0<<PORTC2) | (0<<PORTC1) | (0<<PORTC0);
000049 bbe5      	OUT  0x15,R30
                 ; 0000 004C 
                 ; 0000 004D // Port D initialization
                 ; 0000 004E // Function: Bit7=In Bit6=In Bit5=In Bit4=In Bit3=In Bit2=In Bit1=In Bit0=In
                 ; 0000 004F DDRD=(0<<DDD7) | (0<<DDD6) | (0<<DDD5) | (0<<DDD4) | (0<<DDD3) | (0<<DDD2) | (0<<DDD1) | (0<<DDD0);
00004a bbe1      	OUT  0x11,R30
                 ; 0000 0050 // State: Bit7=T Bit6=T Bit5=T Bit4=T Bit3=T Bit2=T Bit1=T Bit0=T
                 ; 0000 0051 PORTD=(0<<PORTD7) | (0<<PORTD6) | (0<<PORTD5) | (0<<PORTD4) | (0<<PORTD3) | (0<<PORTD2) | (0<<PORTD1) | (0<<PORTD0);
00004b bbe2      	OUT  0x12,R30
                 ; 0000 0052 
                 ; 0000 0053 // Timer/Counter 0 initialization
                 ; 0000 0054 // Clock source: System Clock
                 ; 0000 0055 // Clock value: Timer 0 Stopped
                 ; 0000 0056 TCCR0=(0<<CS02) | (0<<CS01) | (0<<CS00);
00004c bfe3      	OUT  0x33,R30
                 ; 0000 0057 TCNT0=0x00;
00004d bfe2      	OUT  0x32,R30
                 ; 0000 0058 
                 ; 0000 0059 // Timer/Counter 1 initialization
                 ; 0000 005A // Clock source: System Clock
                 ; 0000 005B // Clock value: 1000.000 kHz
                 ; 0000 005C // Mode: Fast PWM top=ICR1
                 ; 0000 005D // OC1A output: Inverted PWM
                 ; 0000 005E // OC1B output: Inverted PWM
                 ; 0000 005F // Noise Canceler: Off
                 ; 0000 0060 // Input Capture on Falling Edge
                 ; 0000 0061 // Timer Period: 20 ms
                 ; 0000 0062 // Output Pulse(s):
                 ; 0000 0063 // OC1A Period: 20 ms Width: 1 ms
                 ; 0000 0064 // OC1B Period: 20 ms Width: 1 ms
                 ; 0000 0065 // Timer1 Overflow Interrupt: Off
                 ; 0000 0066 // Input Capture Interrupt: Off
                 ; 0000 0067 // Compare A Match Interrupt: Off
                 ; 0000 0068 // Compare B Match Interrupt: Off
                 ; 0000 0069 TCCR1A=(1<<COM1A1) | (1<<COM1A0) | (1<<COM1B1) | (1<<COM1B0) | (1<<WGM11) | (0<<WGM10);
00004e efe2      	LDI  R30,LOW(242)
00004f bdef      	OUT  0x2F,R30
                 ; 0000 006A TCCR1B=(0<<ICNC1) | (0<<ICES1) | (1<<WGM13) | (1<<WGM12) | (0<<CS12) | (1<<CS11) | (0<<CS10);
000050 e1ea      	LDI  R30,LOW(26)
000051 bdee      	OUT  0x2E,R30
                 ; 0000 006B TCNT1H=0x00;
000052 e0e0      	LDI  R30,LOW(0)
000053 bded      	OUT  0x2D,R30
                 ; 0000 006C TCNT1L=0x00;
000054 bdec      	OUT  0x2C,R30
                 ; 0000 006D ICR1H=0x4E;
000055 e4ee      	LDI  R30,LOW(78)
000056 bde7      	OUT  0x27,R30
                 ; 0000 006E ICR1L=0x1F;
000057 e1ef      	LDI  R30,LOW(31)
000058 bde6      	OUT  0x26,R30
                 ; 0000 006F //OCR1AH=0x4A;
                 ; 0000 0070 //OCR1AL=0x37;
                 ; 0000 0071 OCR1AH=0x48;
000059 e4e8      	LDI  R30,LOW(72)
00005a bdeb      	OUT  0x2B,R30
                 ; 0000 0072 OCR1AL=0x8A;
00005b e8ea      	LDI  R30,LOW(138)
00005c bdea      	OUT  0x2A,R30
                 ; 0000 0073 OCR1BH=0x48;
00005d e4e8      	LDI  R30,LOW(72)
00005e bde9      	OUT  0x29,R30
                 ; 0000 0074 OCR1BL=0x8A;
00005f e8ea      	LDI  R30,LOW(138)
000060 bde8      	OUT  0x28,R30
                 ; 0000 0075 
                 ; 0000 0076 // Timer/Counter 2 initialization
                 ; 0000 0077 // Clock source: System Clock
                 ; 0000 0078 // Clock value: Timer2 Stopped
                 ; 0000 0079 // Mode: Normal top=0xFF
                 ; 0000 007A // OC2 output: Disconnected
                 ; 0000 007B ASSR=0<<AS2;
000061 e0e0      	LDI  R30,LOW(0)
000062 bde2      	OUT  0x22,R30
                 ; 0000 007C TCCR2=(0<<PWM2) | (0<<COM21) | (0<<COM20) | (0<<CTC2) | (0<<CS22) | (0<<CS21) | (0<<CS20);
000063 bde5      	OUT  0x25,R30
                 ; 0000 007D TCNT2=0x00;
000064 bde4      	OUT  0x24,R30
                 ; 0000 007E OCR2=0x00;
000065 bde3      	OUT  0x23,R30
                 ; 0000 007F 
                 ; 0000 0080 // Timer(s)/Counter(s) Interrupt(s) initialization
                 ; 0000 0081 TIMSK=(0<<OCIE2) | (0<<TOIE2) | (0<<TICIE1) | (0<<OCIE1A) | (0<<OCIE1B) | (0<<TOIE1) | (0<<TOIE0);
000066 bfe9      	OUT  0x39,R30
                 ; 0000 0082 
                 ; 0000 0083 // External Interrupt(s) initialization
                 ; 0000 0084 // INT0: Off
                 ; 0000 0085 // INT1: Off
                 ; 0000 0086 MCUCR=(0<<ISC11) | (0<<ISC10) | (0<<ISC01) | (0<<ISC00);
000067 bfe5      	OUT  0x35,R30
                 ; 0000 0087 
                 ; 0000 0088 // USART initialization
                 ; 0000 0089 // USART disabled
                 ; 0000 008A UCSRB=(0<<RXCIE) | (0<<TXCIE) | (0<<UDRIE) | (0<<RXEN) | (0<<TXEN) | (0<<UCSZ2) | (0<<RXB8) | (0<<TXB8);
000068 b9ea      	OUT  0xA,R30
                 ; 0000 008B 
                 ; 0000 008C // Analog Comparator initialization
                 ; 0000 008D // Analog Comparator: Off
                 ; 0000 008E // The Analog Comparator's positive input is
                 ; 0000 008F // connected to the AIN0 pin
                 ; 0000 0090 // The Analog Comparator's negative input is
                 ; 0000 0091 // connected to the AIN1 pin
                 ; 0000 0092 ACSR=(1<<ACD) | (0<<ACBG) | (0<<ACO) | (0<<ACI) | (0<<ACIE) | (0<<ACIC) | (0<<ACIS1) | (0<<ACIS0);
000069 e8e0      	LDI  R30,LOW(128)
00006a b9e8      	OUT  0x8,R30
                 ; 0000 0093 
                 ; 0000 0094 // ADC initialization
                 ; 0000 0095 // ADC Clock frequency: 125.000 kHz
                 ; 0000 0096 // ADC Voltage Reference: AREF pin
                 ; 0000 0097 // Only the 8 most significant bits of
                 ; 0000 0098 // the AD conversion result are used
                 ; 0000 0099 ADMUX=ADC_VREF_TYPE;
00006b e2e0      	LDI  R30,LOW(32)
00006c b9e7      	OUT  0x7,R30
                 ; 0000 009A ADCSRA=(1<<ADEN) | (0<<ADSC) | (0<<ADFR) | (0<<ADIF) | (0<<ADIE) | (1<<ADPS2) | (1<<ADPS1) | (0<<ADPS0);
00006d e8e6      	LDI  R30,LOW(134)
00006e b9e6      	OUT  0x6,R30
                 ; 0000 009B SFIOR=(0<<ACME);
00006f e0e0      	LDI  R30,LOW(0)
000070 bfe0      	OUT  0x30,R30
                 ; 0000 009C 
                 ; 0000 009D // SPI initialization
                 ; 0000 009E // SPI disabled
                 ; 0000 009F SPCR=(0<<SPIE) | (0<<SPE) | (0<<DORD) | (0<<MSTR) | (0<<CPOL) | (0<<CPHA) | (0<<SPR1) | (0<<SPR0);
000071 b9ed      	OUT  0xD,R30
                 ; 0000 00A0 
                 ; 0000 00A1 // TWI initialization
                 ; 0000 00A2 // TWI disabled
                 ; 0000 00A3 TWCR=(0<<TWEA) | (0<<TWSTA) | (0<<TWSTO) | (0<<TWEN) | (0<<TWIE);
000072 bfe6      	OUT  0x36,R30
                 ; 0000 00A4 
                 ; 0000 00A5 // Alphanumeric LCD initialization
                 ; 0000 00A6 // Connections are specified in the
                 ; 0000 00A7 // Project|Configure|C Compiler|Libraries|Alphanumeric LCD menu:
                 ; 0000 00A8 // RS - PORTB Bit 0
                 ; 0000 00A9 // RD - PORTD Bit 0
                 ; 0000 00AA // EN - PORTD Bit 1
                 ; 0000 00AB // D4 - PORTD Bit 2
                 ; 0000 00AC // D5 - PORTD Bit 3
                 ; 0000 00AD // D6 - PORTD Bit 4
                 ; 0000 00AE // D7 - PORTD Bit 5
                 ; 0000 00AF // Characters/line: 8
                 ; 0000 00B0 //lcd_init(16); //
                 ; 0000 00B1 
                 ; 0000 00B2 ocr1 = OCR1AL + (OCR1AH<<8);
000073 b5ea      	IN   R30,0x2A
000074 e0f0      	LDI  R31,0
000075 01df      	MOVW R26,R30
000076 b5eb      	IN   R30,0x2B
000077 d063      	RCALL SUBOPT_0x0
000078 d067      	RCALL SUBOPT_0x1
                 ; 0000 00B3 ocr2 = OCR1BL + (OCR1BH<<8);
000079 b5e8      	IN   R30,0x28
00007a e0f0      	LDI  R31,0
00007b 01df      	MOVW R26,R30
00007c b5e9      	IN   R30,0x29
00007d d05d      	RCALL SUBOPT_0x0
00007e d066      	RCALL SUBOPT_0x2
                 ; 0000 00B4 
                 ; 0000 00B5 while (1)
                 _0x6:
                 ; 0000 00B6       {
                 ; 0000 00B7         sensor1 = read_adc(0);
00007f e0a0      	LDI  R26,LOW(0)
000080 dfb5      	RCALL _read_adc
000081 2e4e      	MOV  R4,R30
000082 2455      	CLR  R5
                 ; 0000 00B8         sensor2 = read_adc(1);
000083 e0a1      	LDI  R26,LOW(1)
000084 dfb1      	RCALL _read_adc
000085 2e6e      	MOV  R6,R30
000086 2477      	CLR  R7
                 ; 0000 00B9         sensor3 = read_adc(2);
000087 e0a2      	LDI  R26,LOW(2)
000088 dfad      	RCALL _read_adc
000089 2e8e      	MOV  R8,R30
00008a 2499      	CLR  R9
                 ; 0000 00BA 
                 ; 0000 00BB         sensor4 = read_adc(3);
00008b e0a3      	LDI  R26,LOW(3)
00008c dfa9      	RCALL _read_adc
00008d 2eae      	MOV  R10,R30
00008e 24bb      	CLR  R11
                 ; 0000 00BC         sensor5 = read_adc(4);
00008f e0a4      	LDI  R26,LOW(4)
000090 dfa5      	RCALL _read_adc
000091 2ece      	MOV  R12,R30
000092 24dd      	CLR  R13
                 ; 0000 00BD         sensor6 = read_adc(5);
000093 e0a5      	LDI  R26,LOW(5)
000094 dfa1      	RCALL _read_adc
000095 e0f0      	LDI  R31,0
000096 93e0 0160 	STS  _sensor6,R30
000098 93f0 0161 	STS  _sensor6+1,R31
                 ; 0000 00BE 
                 ; 0000 00BF //        sprintf(display_buffer,"s1:%u,s2:%u\ns3:%u,ocr:%u  ",sensor1,sensor2,sensor3,ocr);
                 ; 0000 00C0 //        lcd_clear();
                 ; 0000 00C1 //        lcd_puts(display_buffer);
                 ; 0000 00C2          delay_ms(80);
00009a e5a0      	LDI  R26,LOW(80)
00009b e0b0      	LDI  R27,0
00009c d06d      	RCALL _delay_ms
                 ; 0000 00C3 
                 ; 0000 00C4         if(sensor2 < sensor1)
                +
00009d 1464     +CP R6 , R4
00009e 0475     +CPC R7 , R5
                 	__CPWRR 6,7,4,5
00009f f440      	BRSH _0x9
                 ; 0000 00C5         {
                 ; 0000 00C6             if( (ocr1 + 100)< 19465 )
0000a0 d049      	RCALL SUBOPT_0x3
0000a1 d04d      	RCALL SUBOPT_0x4
0000a2 f420      	BRSH _0xA
                 ; 0000 00C7                 ocr1 += 100;
0000a3 d051      	RCALL SUBOPT_0x5
0000a4 59ec      	SUBI R30,LOW(-100)
0000a5 4fff      	SBCI R31,HIGH(-100)
0000a6 d039      	RCALL SUBOPT_0x1
                 ; 0000 00C8             OCR1AH = ocr1>>8;
                 _0xA:
0000a7 c00a      	RJMP _0x14
                 ; 0000 00C9             OCR1AL = ocr1&0xff;
                 ; 0000 00CA         }
                 ; 0000 00CB 
                 ; 0000 00CC          else if(sensor2 < sensor3)
                 _0x9:
                +
0000a8 1468     +CP R6 , R8
0000a9 0479     +CPC R7 , R9
                 	__CPWRR 6,7,8,9
0000aa f470      	BRSH _0xC
                 ; 0000 00CD         {
                 ; 0000 00CE             if( (ocr1 - 100)> 17589)
0000ab d03e      	RCALL SUBOPT_0x3
0000ac d04d      	RCALL SUBOPT_0x6
0000ad f020      	BRLO _0xD
                 ; 0000 00CF                 ocr1 -= 100;
0000ae d046      	RCALL SUBOPT_0x5
0000af 56e4      	SUBI R30,LOW(100)
0000b0 40f0      	SBCI R31,HIGH(100)
0000b1 d02e      	RCALL SUBOPT_0x1
                 ; 0000 00D0             OCR1AH = ocr1>>8;
                 _0xD:
                 _0x14:
0000b2 91e0 0163 	LDS  R30,_ocr1+1
0000b4 70f0      	ANDI R31,HIGH(0x0)
0000b5 bdeb      	OUT  0x2B,R30
                 ; 0000 00D1             OCR1AL = ocr1&0xff;
0000b6 91e0 0162 	LDS  R30,_ocr1
0000b8 bdea      	OUT  0x2A,R30
                 ; 0000 00D2         }
                 ; 0000 00D3 
                 ; 0000 00D4 
                 ; 0000 00D5 
                 ; 0000 00D6         if(sensor5 < sensor4)
                 _0xC:
                +
0000b9 14ca     +CP R12 , R10
0000ba 04db     +CPC R13 , R11
                 	__CPWRR 12,13,10,11
0000bb f440      	BRSH _0xE
                 ; 0000 00D7         {
                 ; 0000 00D8             if( (ocr2 + 100)< 19465 )
0000bc d043      	RCALL SUBOPT_0x7
0000bd d031      	RCALL SUBOPT_0x4
0000be f420      	BRSH _0xF
                 ; 0000 00D9                 ocr2 += 100;
0000bf d045      	RCALL SUBOPT_0x8
0000c0 59ec      	SUBI R30,LOW(-100)
0000c1 4fff      	SBCI R31,HIGH(-100)
0000c2 d022      	RCALL SUBOPT_0x2
                 ; 0000 00DA             OCR1BH = ocr2>>8;
                 _0xF:
0000c3 c00e      	RJMP _0x15
                 ; 0000 00DB             OCR1BL = ocr2&0xff;
                 ; 0000 00DC         }
                 ; 0000 00DD 
                 ; 0000 00DE          else if(sensor5 < sensor6)
                 _0xE:
0000c4 91e0 0160 	LDS  R30,_sensor6
0000c6 91f0 0161 	LDS  R31,_sensor6+1
0000c8 16ce      	CP   R12,R30
0000c9 06df      	CPC  R13,R31
0000ca f470      	BRSH _0x11
                 ; 0000 00DF         {
                 ; 0000 00E0             if( (ocr2 - 100)> 17589)
0000cb d034      	RCALL SUBOPT_0x7
0000cc d02d      	RCALL SUBOPT_0x6
0000cd f020      	BRLO _0x12
                 ; 0000 00E1                 ocr2 -= 100;
0000ce d036      	RCALL SUBOPT_0x8
0000cf 56e4      	SUBI R30,LOW(100)
0000d0 40f0      	SBCI R31,HIGH(100)
0000d1 d013      	RCALL SUBOPT_0x2
                 ; 0000 00E2             OCR1BH = ocr2>>8;
                 _0x12:
                 _0x15:
0000d2 91e0 0165 	LDS  R30,_ocr2+1
0000d4 70f0      	ANDI R31,HIGH(0x0)
0000d5 bde9      	OUT  0x29,R30
                 ; 0000 00E3             OCR1BL = ocr2&0xff;
0000d6 91e0 0164 	LDS  R30,_ocr2
0000d8 bde8      	OUT  0x28,R30
                 ; 0000 00E4         }
                 ; 0000 00E5 
                 ; 0000 00E6       }
                 _0x11:
0000d9 cfa5      	RJMP _0x6
                 ; 0000 00E7 }
                 _0x13:
0000da cfff      	RJMP _0x13
                 ; .FEND
                 	#ifndef __SLEEP_DEFINED__
                 	#endif
                 
                 	.CSEG
                 
                 	.CSEG
                 
                 	.CSEG
                 
                 	.DSEG
                 _sensor6:
000160           	.BYTE 0x2
                 _ocr1:
000162           	.BYTE 0x2
                 _ocr2:
000164           	.BYTE 0x2
                 
                 	.CSEG
                 ;OPTIMIZER ADDED SUBROUTINE, CALLED 2 TIMES, CODE SIZE REDUCTION:1 WORDS
                 SUBOPT_0x0:
0000db 2ffe      	MOV  R31,R30
0000dc e0e0      	LDI  R30,0
0000dd 0fea      	ADD  R30,R26
0000de 1ffb      	ADC  R31,R27
0000df 9508      	RET
                 
                 ;OPTIMIZER ADDED SUBROUTINE, CALLED 3 TIMES, CODE SIZE REDUCTION:4 WORDS
                 SUBOPT_0x1:
0000e0 93e0 0162 	STS  _ocr1,R30
0000e2 93f0 0163 	STS  _ocr1+1,R31
0000e4 9508      	RET
                 
                 ;OPTIMIZER ADDED SUBROUTINE, CALLED 3 TIMES, CODE SIZE REDUCTION:4 WORDS
                 SUBOPT_0x2:
0000e5 93e0 0164 	STS  _ocr2,R30
0000e7 93f0 0165 	STS  _ocr2+1,R31
0000e9 9508      	RET
                 
                 ;OPTIMIZER ADDED SUBROUTINE, CALLED 2 TIMES, CODE SIZE REDUCTION:1 WORDS
                 SUBOPT_0x3:
0000ea 91a0 0162 	LDS  R26,_ocr1
0000ec 91b0 0163 	LDS  R27,_ocr1+1
0000ee 9508      	RET
                 
                 ;OPTIMIZER ADDED SUBROUTINE, CALLED 2 TIMES, CODE SIZE REDUCTION:2 WORDS
                 SUBOPT_0x4:
0000ef 59ac      	SUBI R26,LOW(-100)
0000f0 4fbf      	SBCI R27,HIGH(-100)
0000f1 30a9      	CPI  R26,LOW(0x4C09)
0000f2 e4ec      	LDI  R30,HIGH(0x4C09)
0000f3 07be      	CPC  R27,R30
0000f4 9508      	RET
                 
                 ;OPTIMIZER ADDED SUBROUTINE, CALLED 2 TIMES, CODE SIZE REDUCTION:1 WORDS
                 SUBOPT_0x5:
0000f5 91e0 0162 	LDS  R30,_ocr1
0000f7 91f0 0163 	LDS  R31,_ocr1+1
0000f9 9508      	RET
                 
                 ;OPTIMIZER ADDED SUBROUTINE, CALLED 2 TIMES, CODE SIZE REDUCTION:2 WORDS
                 SUBOPT_0x6:
0000fa 56a4      	SUBI R26,LOW(100)
0000fb 40b0      	SBCI R27,HIGH(100)
0000fc 3ba6      	CPI  R26,LOW(0x44B6)
0000fd e4e4      	LDI  R30,HIGH(0x44B6)
0000fe 07be      	CPC  R27,R30
0000ff 9508      	RET
                 
                 ;OPTIMIZER ADDED SUBROUTINE, CALLED 2 TIMES, CODE SIZE REDUCTION:1 WORDS
                 SUBOPT_0x7:
000100 91a0 0164 	LDS  R26,_ocr2
000102 91b0 0165 	LDS  R27,_ocr2+1
000104 9508      	RET
                 
                 ;OPTIMIZER ADDED SUBROUTINE, CALLED 2 TIMES, CODE SIZE REDUCTION:1 WORDS
                 SUBOPT_0x8:
000105 91e0 0164 	LDS  R30,_ocr2
000107 91f0 0165 	LDS  R31,_ocr2+1
000109 9508      	RET
                 
                 
                 	.CSEG
                 _delay_ms:
00010a 9610      	adiw r26,0
00010b f039      	breq __delay_ms1
                 __delay_ms0:
                +
00010c ed80     +LDI R24 , LOW ( 0x7D0 )
00010d e097     +LDI R25 , HIGH ( 0x7D0 )
                +__DELAY_USW_LOOP :
00010e 9701     +SBIW R24 , 1
00010f f7f1     +BRNE __DELAY_USW_LOOP
                 	__DELAY_USW 0x7D0
000110 95a8      	wdr
000111 9711      	sbiw r26,1
000112 f7c9      	brne __delay_ms0
                 __delay_ms1:
000113 9508      	ret
                 
                 ;END OF CODE MARKER
                 __END_OF_CODE:


RESOURCE USE INFORMATION
------------------------

Notice:
The register and instruction counts are symbol table hit counts,
and hence implicitly used resources are not counted, eg, the
'lpm' instruction without operands implicitly uses r0 and z,
none of which are counted.

x,y,z are separate entities in the symbol table and are
counted separately from r26..r31 here.

.dseg memory usage only counts static data declared with .byte

ATmega8A register use summary:
r0 :   0 r1 :   0 r2 :   0 r3 :   0 r4 :   2 r5 :   2 r6 :   3 r7 :   3 
r8 :   2 r9 :   2 r10:   2 r11:   2 r12:   3 r13:   3 r14:   0 r15:   0 
r16:   0 r17:   0 r18:   0 r19:   0 r20:   0 r21:   0 r22:   0 r23:   0 
r24:   8 r25:   2 r26:  21 r27:   9 r28:   2 r29:   1 r30:  98 r31:  20 
x  :   2 y  :   2 z  :   0 
Registers used: 20 out of 35 (57.1%)

ATmega8A instruction use summary:
.lds  :   0 .lds.l:   0 .sts  :   0 .sts.l:   0 adc   :   1 add   :   1 
adiw  :   2 and   :   0 andi  :   2 asr   :   0 bclr  :   0 bld   :   0 
brbc  :   0 brbs  :   0 brcc  :   0 brcs  :   0 break :   0 breq  :   1 
brge  :   0 brhc  :   0 brhs  :   0 brid  :   0 brie  :   0 brlo  :   2 
brlt  :   0 brmi  :   0 brne  :   5 brpl  :   0 brsh  :   6 brtc  :   0 
brts  :   0 brvc  :   0 brvs  :   0 bset  :   0 bst   :   0 cbi   :   0 
cbr   :   0 clc   :   0 clh   :   0 cli   :   1 cln   :   0 clr   :   7 
cls   :   0 clt   :   0 clv   :   0 clz   :   0 com   :   0 cp    :   4 
cpc   :   6 cpi   :   2 cpse  :   0 dec   :   2 des   :   0 eor   :   0 
fmul  :   0 fmuls :   0 fmulsu:   0 icall :   0 ijmp  :   0 in    :   5 
inc   :   0 ld    :   1 ldd   :   0 ldi   :  43 lds   :  14 lpm   :   0 
lsl   :   0 lsr   :   0 mov   :   6 movw  :   2 mul   :   0 muls  :   0 
mulsu :   0 neg   :   0 nop   :   0 or    :   0 ori   :   1 out   :  42 
pop   :   0 push  :   0 rcall :  27 ret   :  11 reti  :   0 rjmp  :  25 
rol   :   0 ror   :   0 sbc   :   0 sbci  :   6 sbi   :   2 sbic  :   0 
sbis  :   1 sbiw  :   3 sbr   :   0 sbrc  :   0 sbrs  :   0 sec   :   0 
seh   :   0 sei   :   0 sen   :   0 ser   :   0 ses   :   0 set   :   0 
sev   :   0 sez   :   0 sleep :   0 spm   :   0 st    :   3 std   :   0 
sts   :   6 sub   :   0 subi  :   6 swap  :   0 tst   :   0 wdr   :   1 

Instructions used: 33 out of 114 (28.9%)

ATmega8A memory use summary [bytes]:
Segment   Begin    End      Code   Data   Used    Size   Use%
---------------------------------------------------------------
[.cseg] 0x000000 0x000228    534     18    552    8192   6.7%
[.dseg] 0x000060 0x000166      0      6      6    1024   0.6%
[.eseg] 0x000000 0x000000      0      0      0     512   0.0%

Assembly complete, 0 errors, 10 warnings
